[0408/165550.678:ERROR:file_io.cc(89)] ReadExactly: expected 36, observed 0
[0408/165649.797:ERROR:file_io.cc(89)] ReadExactly: expected 36, observed 0
[0703/182432.164:ERROR:process_memory_win.cc(73)] ReadMemory at 0x120000 of 64 bytes failed: Only part of a ReadProcessMemory or WriteProcessMemory request was completed. (0x12B)
[0703/182432.213:WARNING:pe_image_reader.cc(340)] could not read dos header from C:\Program Files\Google\Chrome\Application\chrome.exe
[0703/182432.213:ERROR:process_memory_win.cc(73)] ReadMemory at 0x778c0000 of 64 bytes failed: Only part of a ReadProcessMemory or WriteProcessMemory request was completed. (0x12B)
[0703/182432.213:WARNING:pe_image_reader.cc(340)] could not read dos header from C:\WINDOWS\SYSTEM32\ntdll.dll
[0703/182432.213:ERROR:process_memory_win.cc(73)] ReadMemory at 0x75510000 of 64 bytes failed: Only part of a ReadProcessMemory or WriteProcessMemory request was completed. (0x12B)
[0703/182432.213:WARNING:pe_image_reader.cc(340)] could not read dos header from C:\WINDOWS\system32\KERNEL32.DLL
[0703/182432.213:ERROR:process_memory_win.cc(73)] ReadMemory at 0x75190000 of 64 bytes failed: Only part of a ReadProcessMemory or WriteProcessMemory request was completed. (0x12B)
[0703/182432.214:WARNING:pe_image_reader.cc(340)] could not read dos header from C:\WINDOWS\system32\KERNELBASE.dll
[0703/182432.214:ERROR:process_memory_win.cc(73)] ReadMemory at 0x5cf10000 of 64 bytes failed: Only part of a ReadProcessMemory or WriteProcessMemory request was completed. (0x12B)
[0703/182432.214:WARNING:pe_image_reader.cc(340)] could not read dos header from C:\Program Files\Google\Chrome\Application\75.0.3770.100\chrome_elf.dll
[0703/182432.214:ERROR:process_memory_win.cc(73)] ReadMemory at 0x758d0000 of 64 bytes failed: Only part of a ReadProcessMemory or WriteProcessMemory request was completed. (0x12B)
[0703/182432.214:WARNING:pe_image_reader.cc(340)] could not read dos header from C:\WINDOWS\system32\SHELL32.dll
[0703/182432.214:ERROR:process_memory_win.cc(73)] ReadMemory at 0x76c90000 of 64 bytes failed: Only part of a ReadProcessMemory or WriteProcessMemory request was completed. (0x12B)
[0703/182432.214:WARNING:pe_image_reader.cc(340)] could not read dos header from C:\WINDOWS\system32\ADVAPI32.dll
[0703/182432.214:ERROR:process_memory_win.cc(73)] ReadMemory at 0x75750000 of 64 bytes failed: Only part of a ReadProcessMemory or WriteProcessMemory request was completed. (0x12B)
[0703/182432.214:WARNING:pe_image_reader.cc(340)] could not read dos header from C:\WINDOWS\system32\USER32.dll
[0703/182432.214:ERROR:process_memory_win.cc(73)] ReadMemory at 0x6fad0000 of 64 bytes failed: Only part of a ReadProcessMemory or WriteProcessMemory request was completed. (0x12B)
[0703/182432.214:WARNING:pe_image_reader.cc(340)] could not read dos header from C:\WINDOWS\SYSTEM32\VERSION.dll
[0703/182432.214:ERROR:process_memory_win.cc(73)] ReadMemory at 0x76a90000 of 64 bytes failed: Only part of a ReadProcessMemory or WriteProcessMemory request was completed. (0x12B)
[0703/182432.214:WARNING:pe_image_reader.cc(340)] could not read dos header from C:\WINDOWS\system32\SHLWAPI.dll
[0703/182432.214:ERROR:process_memory_win.cc(73)] ReadMemory at 0x6fa00000 of 64 bytes failed: Only part of a ReadProcessMemory or WriteProcessMemory request was completed. (0x12B)
[0703/182432.214:WARNING:pe_image_reader.cc(340)] could not read dos header from C:\WINDOWS\SYSTEM32\WINMM.dll
[0703/182432.214:ERROR:process_memory_win.cc(73)] ReadMemory at 0x74700000 of 64 bytes failed: Only part of a ReadProcessMemory or WriteProcessMemory request was completed. (0x12B)
[0703/182432.214:WARNING:pe_image_reader.cc(340)] could not read dos header from C:\WINDOWS\SYSTEM32\USERENV.dll
[0703/182432.214:ERROR:process_memory_win.cc(73)] ReadMemory at 0x75610000 of 64 bytes failed: Only part of a ReadProcessMemory or WriteProcessMemory request was completed. (0x12B)
[0703/182432.214:WARNING:pe_image_reader.cc(340)] could not read dos header from C:\WINDOWS\system32\msvcrt.dll
[0703/182432.214:ERROR:process_memory_win.cc(73)] ReadMemory at 0x77450000 of 64 bytes failed: Only part of a ReadProcessMemory or WriteProcessMemory request was completed. (0x12B)
[0703/182432.214:WARNING:pe_image_reader.cc(340)] could not read dos header from C:\WINDOWS\SYSTEM32\combase.dll
[0703/182432.214:ERROR:process_memory_win.cc(73)] ReadMemory at 0x77340000 of 64 bytes failed: Only part of a ReadProcessMemory or WriteProcessMemory request was completed. (0x12B)
[0703/182432.214:WARNING:pe_image_reader.cc(340)] could not read dos header from C:\WINDOWS\system32\GDI32.dll
[0703/182432.214:ERROR:process_memory_win.cc(73)] ReadMemory at 0x754d0000 of 64 bytes failed: Only part of a ReadProcessMemory or WriteProcessMemory request was completed. (0x12B)
[0703/182432.214:WARNING:pe_image_reader.cc(340)] could not read dos header from C:\WINDOWS\SYSTEM32\sechost.dll
[0703/182432.214:ERROR:process_memory_win.cc(73)] ReadMemory at 0x77180000 of 64 bytes failed: Only part of a ReadProcessMemory or WriteProcessMemory request was completed. (0x12B)
[0703/182432.214:WARNING:pe_image_reader.cc(340)] could not read dos header from C:\WINDOWS\system32\RPCRT4.dll
[0703/182432.214:ERROR:process_memory_win.cc(73)] ReadMemory at 0x6f9d0000 of 64 bytes failed: Only part of a ReadProcessMemory or WriteProcessMemory request was completed. (0x12B)
[0703/182432.214:WARNING:pe_image_reader.cc(340)] could not read dos header from C:\WINDOWS\SYSTEM32\WINMMBASE.dll
[0703/182432.214:ERROR:process_memory_win.cc(73)] ReadMemory at 0x74f10000 of 64 bytes failed: Only part of a ReadProcessMemory or WriteProcessMemory request was completed. (0x12B)
[0703/182432.214:WARNING:pe_image_reader.cc(340)] could not read dos header from C:\WINDOWS\SYSTEM32\profapi.dll
[0703/182432.214:ERROR:process_memory_win.cc(73)] ReadMemory at 0x75300000 of 64 bytes failed: Only part of a ReadProcessMemory or WriteProcessMemory request was completed. (0x12B)
[0703/182432.214:WARNING:pe_image_reader.cc(340)] could not read dos header from C:\WINDOWS\SYSTEM32\cfgmgr32.dll
[0703/182432.214:ERROR:process_memory_win.cc(73)] ReadMemory at 0x752e0000 of 64 bytes failed: Only part of a ReadProcessMemory or WriteProcessMemory request was completed. (0x12B)
[0703/182432.214:WARNING:pe_image_reader.cc(340)] could not read dos header from C:\WINDOWS\system32\DEVOBJ.dll
[0703/182432.214:ERROR:process_memory_win.cc(73)] ReadMemory at 0x76fa0000 of 64 bytes failed: Only part of a ReadProcessMemory or WriteProcessMemory request was completed. (0x12B)
[0703/182432.214:WARNING:pe_image_reader.cc(340)] could not read dos header from C:\WINDOWS\system32\IMM32.DLL
[0703/182432.214:ERROR:process_memory_win.cc(73)] ReadMemory at 0x77260000 of 64 bytes failed: Only part of a ReadProcessMemory or WriteProcessMemory request was completed. (0x12B)
[0703/182432.214:WARNING:pe_image_reader.cc(340)] could not read dos header from C:\WINDOWS\system32\MSCTF.dll
[0703/182432.214:ERROR:process_memory_win.cc(73)] ReadMemory at 0x76f00000 of 64 bytes failed: Only part of a ReadProcessMemory or WriteProcessMemory request was completed. (0x12B)
[0703/182432.215:WARNING:pe_image_reader.cc(340)] could not read dos header from C:\WINDOWS\SYSTEM32\shcore.dll
[0703/182432.215:ERROR:process_memory_win.cc(73)] ReadMemory at 0x51670000 of 64 bytes failed: Only part of a ReadProcessMemory or WriteProcessMemory request was completed. (0x12B)
[0703/182432.215:WARNING:pe_image_reader.cc(340)] could not read dos header from C:\Program Files\Google\Chrome\Application\75.0.3770.100\chrome_child.dll
[0703/182432.215:ERROR:process_memory_win.cc(73)] ReadMemory at 0x776b0000 of 64 bytes failed: Only part of a ReadProcessMemory or WriteProcessMemory request was completed. (0x12B)
[0703/182432.215:WARNING:pe_image_reader.cc(340)] could not read dos header from C:\WINDOWS\system32\WS2_32.dll
[0703/182432.215:ERROR:process_memory_win.cc(73)] ReadMemory at 0x71bd0000 of 64 bytes failed: Only part of a ReadProcessMemory or WriteProcessMemory request was completed. (0x12B)
[0703/182432.215:WARNING:pe_image_reader.cc(340)] could not read dos header from C:\WINDOWS\SYSTEM32\IPHLPAPI.DLL
[0703/182432.215:ERROR:process_memory_win.cc(73)] ReadMemory at 0x77590000 of 64 bytes failed: Only part of a ReadProcessMemory or WriteProcessMemory request was completed. (0x12B)
[0703/182432.215:WARNING:pe_image_reader.cc(340)] could not read dos header from C:\WINDOWS\system32\ole32.dll
[0703/182432.215:ERROR:process_memory_win.cc(73)] ReadMemory at 0x76e70000 of 64 bytes failed: Only part of a ReadProcessMemory or WriteProcessMemory request was completed. (0x12B)
[0703/182432.215:WARNING:pe_image_reader.cc(340)] could not read dos header from C:\WINDOWS\system32\OLEAUT32.dll
[0703/182432.215:ERROR:process_memory_win.cc(73)] ReadMemory at 0x73080000 of 64 bytes failed: Only part of a ReadProcessMemory or WriteProcessMemory request was completed. (0x12B)
[0703/182432.215:WARNING:pe_image_reader.cc(340)] could not read dos header from C:\WINDOWS\SYSTEM32\OLEACC.dll
[0703/182432.215:ERROR:process_memory_win.cc(73)] ReadMemory at 0x723c0000 of 64 bytes failed: Only part of a ReadProcessMemory or WriteProcessMemory request was completed. (0x12B)
[0703/182432.215:WARNING:pe_image_reader.cc(340)] could not read dos header from C:\WINDOWS\SYSTEM32\UIAutomationCore.DLL
[0703/182432.215:ERROR:process_memory_win.cc(73)] ReadMemory at 0x74e50000 of 64 bytes failed: Only part of a ReadProcessMemory or WriteProcessMemory request was completed. (0x12B)
[0703/182432.215:WARNING:pe_image_reader.cc(340)] could not read dos header from C:\WINDOWS\SYSTEM32\WTSAPI32.dll
[0703/182432.215:ERROR:process_memory_win.cc(73)] ReadMemory at 0x74fb0000 of 64 bytes failed: Only part of a ReadProcessMemory or WriteProcessMemory request was completed. (0x12B)
[0703/182432.215:WARNING:pe_image_reader.cc(340)] could not read dos header from C:\WINDOWS\system32\WINTRUST.dll
[0703/182432.215:ERROR:process_memory_win.cc(73)] ReadMemory at 0x75000000 of 64 bytes failed: Only part of a ReadProcessMemory or WriteProcessMemory request was completed. (0x12B)
[0703/182432.215:WARNING:pe_image_reader.cc(340)] could not read dos header from C:\WINDOWS\system32\CRYPT32.dll
[0703/182432.215:ERROR:process_memory_win.cc(73)] ReadMemory at 0x730d0000 of 64 bytes failed: Only part of a ReadProcessMemory or WriteProcessMemory request was completed. (0x12B)
[0703/182432.215:WARNING:pe_image_reader.cc(340)] could not read dos header from C:\WINDOWS\SYSTEM32\DWrite.dll
[0703/182432.215:ERROR:process_memory_win.cc(73)] ReadMemory at 0x73ad0000 of 64 bytes failed: Only part of a ReadProcessMemory or WriteProcessMemory request was completed. (0x12B)
[0703/182432.215:WARNING:pe_image_reader.cc(340)] could not read dos header from C:\WINDOWS\SYSTEM32\dxgi.dll
[0703/182432.215:ERROR:process_memory_win.cc(73)] ReadMemory at 0x70b40000 of 64 bytes failed: Only part of a ReadProcessMemory or WriteProcessMemory request was completed. (0x12B)
[0703/182432.215:WARNING:pe_image_reader.cc(340)] could not read dos header from C:\WINDOWS\SYSTEM32\WINSPOOL.DRV
[0703/182432.215:ERROR:process_memory_win.cc(73)] ReadMemory at 0x6fb90000 of 64 bytes failed: Only part of a ReadProcessMemory or WriteProcessMemory request was completed. (0x12B)
[0703/182432.215:WARNING:pe_image_reader.cc(340)] could not read dos header from C:\WINDOWS\SYSTEM32\dbghelp.dll
[0703/182432.215:ERROR:process_memory_win.cc(73)] ReadMemory at 0x76a00000 of 64 bytes failed: Only part of a ReadProcessMemory or WriteProcessMemory request was completed. (0x12B)
[0703/182432.215:WARNING:pe_image_reader.cc(340)] could not read dos header from C:\WINDOWS\system32\COMDLG32.dll
[0703/182432.215:ERROR:process_memory_win.cc(73)] ReadMemory at 0x62840000 of 64 bytes failed: Only part of a ReadProcessMemory or WriteProcessMemory request was completed. (0x12B)
[0703/182432.215:WARNING:pe_image_reader.cc(340)] could not read dos header from C:\WINDOWS\SYSTEM32\USP10.dll
[0703/182432.215:ERROR:process_memory_win.cc(73)] ReadMemory at 0x6fa40000 of 64 bytes failed: Only part of a ReadProcessMemory or WriteProcessMemory request was completed. (0x12B)
[0703/182432.215:WARNING:pe_image_reader.cc(340)] could not read dos header from C:\WINDOWS\SYSTEM32\WINHTTP.dll
[0703/182432.215:ERROR:process_memory_win.cc(73)] ReadMemory at 0x76d40000 of 64 bytes failed: Only part of a ReadProcessMemory or WriteProcessMemory request was completed. (0x12B)
[0703/182432.216:WARNING:pe_image_reader.cc(340)] could not read dos header from C:\WINDOWS\system32\urlmon.dll
[0703/182432.216:ERROR:process_memory_win.cc(73)] ReadMemory at 0x6f840000 of 64 bytes failed: Only part of a ReadProcessMemory or WriteProcessMemory request was completed. (0x12B)
[0703/182432.216:WARNING:pe_image_reader.cc(340)] could not read dos header from C:\WINDOWS\SYSTEM32\Secur32.dll
[0703/182432.216:ERROR:process_memory_win.cc(73)] ReadMemory at 0x71860000 of 64 bytes failed: Only part of a ReadProcessMemory or WriteProcessMemory request was completed. (0x12B)
[0703/182432.216:WARNING:pe_image_reader.cc(340)] could not read dos header from C:\WINDOWS\SYSTEM32\dhcpcsvc.DLL
[0703/182432.216:ERROR:process_memory_win.cc(73)] ReadMemory at 0x76ad0000 of 64 bytes failed: Only part of a ReadProcessMemory or WriteProcessMemory request was completed. (0x12B)
[0703/182432.216:WARNING:pe_image_reader.cc(340)] could not read dos header from C:\WINDOWS\system32\NSI.dll
[0703/182432.216:ERROR:process_memory_win.cc(73)] ReadMemory at 0x71bb0000 of 64 bytes failed: Only part of a ReadProcessMemory or WriteProcessMemory request was completed. (0x12B)
[0703/182432.216:WARNING:pe_image_reader.cc(340)] could not read dos header from C:\WINDOWS\SYSTEM32\WINNSI.DLL
[0703/182432.216:ERROR:process_memory_win.cc(73)] ReadMemory at 0x74f90000 of 64 bytes failed: Only part of a ReadProcessMemory or WriteProcessMemory request was completed. (0x12B)
[0703/182432.216:WARNING:pe_image_reader.cc(340)] could not read dos header from C:\WINDOWS\system32\MSASN1.dll
[0703/182432.216:ERROR:process_memory_win.cc(73)] ReadMemory at 0x733a0000 of 64 bytes failed: Only part of a ReadProcessMemory or WriteProcessMemory request was completed. (0x12B)
[0703/182432.216:WARNING:pe_image_reader.cc(340)] could not read dos header from C:\WINDOWS\WinSxS\x86_microsoft.windows.common-controls_6595b64144ccf1df_6.0.9200.17359_none_8935f06086091acc\COMCTL32.dll
[0703/182432.216:ERROR:process_memory_win.cc(73)] ReadMemory at 0x76fe0000 of 64 bytes failed: Only part of a ReadProcessMemory or WriteProcessMemory request was completed. (0x12B)
[0703/182432.216:WARNING:pe_image_reader.cc(340)] could not read dos header from C:\WINDOWS\system32\iertutil.dll
[0703/182432.216:ERROR:process_memory_win.cc(73)] ReadMemory at 0x77700000 of 64 bytes failed: Only part of a ReadProcessMemory or WriteProcessMemory request was completed. (0x12B)
[0703/182432.216:WARNING:pe_image_reader.cc(340)] could not read dos header from C:\WINDOWS\system32\WININET.dll
[0703/182432.216:ERROR:process_memory_win.cc(73)] ReadMemory at 0x74d10000 of 64 bytes failed: Only part of a ReadProcessMemory or WriteProcessMemory request was completed. (0x12B)
[0703/182432.216:WARNING:pe_image_reader.cc(340)] could not read dos header from C:\WINDOWS\SYSTEM32\SSPICLI.DLL
[0703/182432.216:ERROR:process_memory_win.cc(73)] ReadMemory at 0x74da0000 of 64 bytes failed: Only part of a ReadProcessMemory or WriteProcessMemory request was completed. (0x12B)
[0703/182432.216:WARNING:pe_image_reader.cc(340)] could not read dos header from C:\WINDOWS\SYSTEM32\cryptbase.dll
[0703/182432.216:ERROR:process_memory_win.cc(73)] ReadMemory at 0x74d40000 of 64 bytes failed: Only part of a ReadProcessMemory or WriteProcessMemory request was completed. (0x12B)
[0703/182432.216:WARNING:pe_image_reader.cc(340)] could not read dos header from C:\WINDOWS\SYSTEM32\bcryptPrimitives.dll
[0703/182432.228:ERROR:process_memory_win.cc(73)] ReadMemory at 0xede000 of 73728 bytes failed: Only part of a ReadProcessMemory or WriteProcessMemory request was completed. (0x12B)
[0703/182432.228:ERROR:process_memory_win.cc(73)] ReadMemory at 0x322e000 of 8192 bytes failed: Only part of a ReadProcessMemory or WriteProcessMemory request was completed. (0x12B)
[0703/182432.228:ERROR:process_memory_win.cc(73)] ReadMemory at 0x352e000 of 8192 bytes failed: Only part of a ReadProcessMemory or WriteProcessMemory request was completed. (0x12B)
[0703/182432.228:ERROR:process_memory_win.cc(73)] ReadMemory at 0x362e000 of 8192 bytes failed: Only part of a ReadProcessMemory or WriteProcessMemory request was completed. (0x12B)
[0703/182432.228:ERROR:process_memory_win.cc(73)] ReadMemory at 0x372f000 of 4096 bytes failed: Only part of a ReadProcessMemory or WriteProcessMemory request was completed. (0x12B)
[0703/182432.228:ERROR:process_memory_win.cc(73)] ReadMemory at 0x382e000 of 8192 bytes failed: Only part of a ReadProcessMemory or WriteProcessMemory request was completed. (0x12B)
[0703/182432.228:ERROR:process_memory_win.cc(73)] ReadMemory at 0x23efd000 of 12288 bytes failed: Only part of a ReadProcessMemory or WriteProcessMemory request was completed. (0x12B)
[0703/182432.229:ERROR:process_memory_win.cc(73)] ReadMemory at 0x23ffb000 of 20480 bytes failed: Only part of a ReadProcessMemory or WriteProcessMemory request was completed. (0x12B)
[0703/182432.229:ERROR:process_memory_win.cc(73)] ReadMemory at 0x240fb000 of 20480 bytes failed: Only part of a ReadProcessMemory or WriteProcessMemory request was completed. (0x12B)
[0703/182432.229:ERROR:process_memory_win.cc(73)] ReadMemory at 0x342e000 of 8192 bytes failed: Only part of a ReadProcessMemory or WriteProcessMemory request was completed. (0x12B)
[0703/182432.229:ERROR:process_memory_win.cc(73)] ReadMemory at 0x24f7d000 of 12288 bytes failed: Only part of a ReadProcessMemory or WriteProcessMemory request was completed. (0x12B)
[0703/182432.229:ERROR:process_memory_win.cc(73)] ReadMemory at 0x27a7e000 of 8192 bytes failed: Only part of a ReadProcessMemory or WriteProcessMemory request was completed. (0x12B)
[0703/182432.229:ERROR:process_memory_win.cc(73)] ReadMemory at 0x2889e000 of 8192 bytes failed: Only part of a ReadProcessMemory or WriteProcessMemory request was completed. (0x12B)
[0703/182432.229:ERROR:process_memory_win.cc(73)] ReadMemory at 0x2927f000 of 4096 bytes failed: Only part of a ReadProcessMemory or WriteProcessMemory request was completed. (0x12B)
[0703/182432.229:ERROR:process_memory_win.cc(73)] ReadMemory at 0x1140518 of 58 bytes failed: Only part of a ReadProcessMemory or WriteProcessMemory request was completed. (0x12B)
[0703/182432.276:ERROR:process_memory_win.cc(73)] ReadMemory at 0x11405c8 of 5116 bytes failed: Only part of a ReadProcessMemory or WriteProcessMemory request was completed. (0x12B)
[0703/182432.276:ERROR:process_memory_win.cc(73)] ReadMemory at 0x11419d0 of 660 bytes failed: Only part of a ReadProcessMemory or WriteProcessMemory request was completed. (0x12B)
[0703/182432.276:ERROR:process_memory_win.cc(73)] ReadMemory at 0x1141e78 of 106 bytes failed: Only part of a ReadProcessMemory or WriteProcessMemory request was completed. (0x12B)
[0703/182432.276:ERROR:process_memory_win.cc(73)] ReadMemory at 0x1141ee4 of 872 bytes failed: Only part of a ReadProcessMemory or WriteProcessMemory request was completed. (0x12B)
[0703/182432.289:ERROR:process_memory_win.cc(73)] ReadMemory at 0x114224e of 106 bytes failed: Only part of a ReadProcessMemory or WriteProcessMemory request was completed. (0x12B)
[0703/182432.289:ERROR:process_memory_win.cc(73)] ReadMemory at 0x11422ba of 96 bytes failed: Only part of a ReadProcessMemory or WriteProcessMemory request was completed. (0x12B)
[0703/182432.289:ERROR:process_memory_win.cc(73)] ReadMemory at 0x1142328 of 58 bytes failed: Only part of a ReadProcessMemory or WriteProcessMemory request was completed. (0x12B)
[0703/182432.289:ERROR:process_memory_win.cc(73)] ReadMemory at 0x1142418 of 72 bytes failed: Only part of a ReadProcessMemory or WriteProcessMemory request was completed. (0x12B)
[0703/182432.290:ERROR:process_memory_win.cc(73)] ReadMemory at 0x11424f0 of 72 bytes failed: Only part of a ReadProcessMemory or WriteProcessMemory request was completed. (0x12B)
[0703/182432.290:ERROR:process_memory_win.cc(73)] ReadMemory at 0x1142610 of 114 bytes failed: Only part of a ReadProcessMemory or WriteProcessMemory request was completed. (0x12B)
[0703/182432.290:ERROR:process_memory_win.cc(73)] ReadMemory at 0x11428a8 of 64 bytes failed: Only part of a ReadProcessMemory or WriteProcessMemory request was completed. (0x12B)
[0703/182432.290:ERROR:process_memory_win.cc(73)] ReadMemory at 0x11428f8 of 72 bytes failed: Only part of a ReadProcessMemory or WriteProcessMemory request was completed. (0x12B)
[0703/182432.290:ERROR:process_memory_win.cc(73)] ReadMemory at 0x11429f8 of 142 bytes failed: Only part of a ReadProcessMemory or WriteProcessMemory request was completed. (0x12B)
[0703/182432.290:ERROR:process_memory_win.cc(73)] ReadMemory at 0x1142ac8 of 68 bytes failed: Only part of a ReadProcessMemory or WriteProcessMemory request was completed. (0x12B)
[0703/182432.290:ERROR:process_memory_win.cc(73)] ReadMemory at 0x1142b18 of 72 bytes failed: Only part of a ReadProcessMemory or WriteProcessMemory request was completed. (0x12B)
[0703/182432.290:ERROR:process_memory_win.cc(73)] ReadMemory at 0x1143390 of 72 bytes failed: Only part of a ReadProcessMemory or WriteProcessMemory request was completed. (0x12B)
[0703/182432.301:ERROR:process_memory_win.cc(73)] ReadMemory at 0x1143478 of 62 bytes failed: Only part of a ReadProcessMemory or WriteProcessMemory request was completed. (0x12B)
[0703/182432.302:ERROR:process_memory_win.cc(73)] ReadMemory at 0x11434c0 of 72 bytes failed: Only part of a ReadProcessMemory or WriteProcessMemory request was completed. (0x12B)
[0703/182432.302:ERROR:process_memory_win.cc(73)] ReadMemory at 0x11435e0 of 64 bytes failed: Only part of a ReadProcessMemory or WriteProcessMemory request was completed. (0x12B)
[0703/182432.302:ERROR:process_memory_win.cc(73)] ReadMemory at 0x1143630 of 72 bytes failed: Only part of a ReadProcessMemory or WriteProcessMemory request was completed. (0x12B)
[0703/182432.413:ERROR:process_memory_win.cc(73)] ReadMemory at 0x1143750 of 60 bytes failed: Only part of a ReadProcessMemory or WriteProcessMemory request was completed. (0x12B)
[0703/182432.413:ERROR:process_memory_win.cc(73)] ReadMemory at 0x1143798 of 72 bytes failed: Only part of a ReadProcessMemory or WriteProcessMemory request was completed. (0x12B)
[0703/182432.413:ERROR:process_memory_win.cc(73)] ReadMemory at 0x1143c48 of 72 bytes failed: Only part of a ReadProcessMemory or WriteProcessMemory request was completed. (0x12B)
[0703/182432.413:ERROR:process_memory_win.cc(73)] ReadMemory at 0x1143f88 of 64 bytes failed: Only part of a ReadProcessMemory or WriteProcessMemory request was completed. (0x12B)
[0703/182432.413:ERROR:process_memory_win.cc(73)] ReadMemory at 0x1143fd8 of 64 bytes failed: Only part of a ReadProcessMemory or WriteProcessMemory request was completed. (0x12B)
[0703/182432.413:ERROR:process_memory_win.cc(73)] ReadMemory at 0x1144028 of 64 bytes failed: Only part of a ReadProcessMemory or WriteProcessMemory request was completed. (0x12B)
[0703/182432.414:ERROR:process_memory_win.cc(73)] ReadMemory at 0x1144090 of 60 bytes failed: Only part of a ReadProcessMemory or WriteProcessMemory request was completed. (0x12B)
[0703/182432.414:ERROR:process_memory_win.cc(73)] ReadMemory at 0x11449e0 of 72 bytes failed: Only part of a ReadProcessMemory or WriteProcessMemory request was completed. (0x12B)
[0703/182432.414:ERROR:process_memory_win.cc(73)] ReadMemory at 0x1144ab0 of 62 bytes failed: Only part of a ReadProcessMemory or WriteProcessMemory request was completed. (0x12B)
[0703/182432.414:ERROR:process_memory_win.cc(73)] ReadMemory at 0x1144b48 of 62 bytes failed: Only part of a ReadProcessMemory or WriteProcessMemory request was completed. (0x12B)
[0703/182432.414:ERROR:process_memory_win.cc(73)] ReadMemory at 0x1144b90 of 72 bytes failed: Only part of a ReadProcessMemory or WriteProcessMemory request was completed. (0x12B)
[0703/182432.414:ERROR:process_memory_win.cc(73)] ReadMemory at 0x1144cb0 of 72 bytes failed: Only part of a ReadProcessMemory or WriteProcessMemory request was completed. (0x12B)
[0703/182432.414:ERROR:process_memory_win.cc(73)] ReadMemory at 0x1144d80 of 58 bytes failed: Only part of a ReadProcessMemory or WriteProcessMemory request was completed. (0x12B)
[0703/182432.414:ERROR:process_memory_win.cc(73)] ReadMemory at 0x1144ee8 of 62 bytes failed: Only part of a ReadProcessMemory or WriteProcessMemory request was completed. (0x12B)
[0703/182432.414:ERROR:process_memory_win.cc(73)] ReadMemory at 0x1144f30 of 72 bytes failed: Only part of a ReadProcessMemory or WriteProcessMemory request was completed. (0x12B)
[0703/182432.432:ERROR:process_memory_win.cc(73)] ReadMemory at 0x1145068 of 62 bytes failed: Only part of a ReadProcessMemory or WriteProcessMemory request was completed. (0x12B)
[0703/182432.432:ERROR:process_memory_win.cc(73)] ReadMemory at 0x11450b0 of 72 bytes failed: Only part of a ReadProcessMemory or WriteProcessMemory request was completed. (0x12B)
[0703/182432.451:ERROR:process_memory_win.cc(73)] ReadMemory at 0x11480b8 of 72 bytes failed: Only part of a ReadProcessMemory or WriteProcessMemory request was completed. (0x12B)
[0703/182432.451:ERROR:process_memory_win.cc(73)] ReadMemory at 0x1148218 of 62 bytes failed: Only part of a ReadProcessMemory or WriteProcessMemory request was completed. (0x12B)
[0703/182432.451:ERROR:process_memory_win.cc(73)] ReadMemory at 0x1148260 of 72 bytes failed: Only part of a ReadProcessMemory or WriteProcessMemory request was completed. (0x12B)
[0703/182432.451:ERROR:process_memory_win.cc(73)] ReadMemory at 0x1148f18 of 60 bytes failed: Only part of a ReadProcessMemory or WriteProcessMemory request was completed. (0x12B)
[0703/182432.451:ERROR:process_memory_win.cc(73)] ReadMemory at 0x1148f60 of 72 bytes failed: Only part of a ReadProcessMemory or WriteProcessMemory request was completed. (0x12B)
[0703/182432.451:ERROR:process_memory_win.cc(73)] ReadMemory at 0x1149348 of 64 bytes failed: Only part of a ReadProcessMemory or WriteProcessMemory request was completed. (0x12B)
[0703/182432.451:ERROR:process_memory_win.cc(73)] ReadMemory at 0x1149398 of 64 bytes failed: Only part of a ReadProcessMemory or WriteProcessMemory request was completed. (0x12B)
[0703/182432.451:ERROR:process_memory_win.cc(73)] ReadMemory at 0x11493e8 of 80 bytes failed: Only part of a ReadProcessMemory or WriteProcessMemory request was completed. (0x12B)
[0703/182432.466:ERROR:process_memory_win.cc(73)] ReadMemory at 0x1149458 of 62 bytes failed: Only part of a ReadProcessMemory or WriteProcessMemory request was completed. (0x12B)
[0703/182432.467:ERROR:process_memory_win.cc(73)] ReadMemory at 0x11494b8 of 66 bytes failed: Only part of a ReadProcessMemory or WriteProcessMemory request was completed. (0x12B)
[0703/182432.467:ERROR:process_memory_win.cc(73)] ReadMemory at 0x1149530 of 72 bytes failed: Only part of a ReadProcessMemory or WriteProcessMemory request was completed. (0x12B)
[0703/182432.467:ERROR:process_memory_win.cc(73)] ReadMemory at 0x11495d0 of 72 bytes failed: Only part of a ReadProcessMemory or WriteProcessMemory request was completed. (0x12B)
[0703/182432.482:ERROR:process_memory_win.cc(73)] ReadMemory at 0x1149670 of 72 bytes failed: Only part of a ReadProcessMemory or WriteProcessMemory request was completed. (0x12B)
[0703/182432.482:ERROR:process_memory_win.cc(73)] ReadMemory at 0x1149710 of 72 bytes failed: Only part of a ReadProcessMemory or WriteProcessMemory request was completed. (0x12B)
[0703/182432.482:ERROR:process_memory_win.cc(73)] ReadMemory at 0x11497b0 of 72 bytes failed: Only part of a ReadProcessMemory or WriteProcessMemory request was completed. (0x12B)
[0703/182432.482:ERROR:process_memory_win.cc(73)] ReadMemory at 0x1149850 of 72 bytes failed: Only part of a ReadProcessMemory or WriteProcessMemory request was completed. (0x12B)
[0703/182432.551:ERROR:process_memory_win.cc(73)] ReadMemory at 0x11498f0 of 72 bytes failed: Only part of a ReadProcessMemory or WriteProcessMemory request was completed. (0x12B)
[0703/182432.552:ERROR:process_memory_win.cc(73)] ReadMemory at 0x1149990 of 146 bytes failed: Only part of a ReadProcessMemory or WriteProcessMemory request was completed. (0x12B)
[0703/182432.552:ERROR:process_memory_win.cc(73)] ReadMemory at 0x1149a30 of 72 bytes failed: Only part of a ReadProcessMemory or WriteProcessMemory request was completed. (0x12B)
[0703/182432.552:ERROR:process_memory_win.cc(73)] ReadMemory at 0x1149ad0 of 72 bytes failed: Only part of a ReadProcessMemory or WriteProcessMemory request was completed. (0x12B)
[0703/182432.552:ERROR:process_memory_win.cc(73)] ReadMemory at 0x1149b70 of 72 bytes failed: Only part of a ReadProcessMemory or WriteProcessMemory request was completed. (0x12B)
[0703/182432.552:ERROR:process_memory_win.cc(73)] ReadMemory at 0x1149c10 of 72 bytes failed: Only part of a ReadProcessMemory or WriteProcessMemory request was completed. (0x12B)
[0703/182432.552:ERROR:process_memory_win.cc(73)] ReadMemory at 0x1149cb0 of 72 bytes failed: Only part of a ReadProcessMemory or WriteProcessMemory request was completed. (0x12B)
[0703/182432.552:ERROR:process_memory_win.cc(73)] ReadMemory at 0x1149d50 of 72 bytes failed: Only part of a ReadProcessMemory or WriteProcessMemory request was completed. (0x12B)
[0703/182432.553:ERROR:process_memory_win.cc(73)] ReadMemory at 0x1149df0 of 72 bytes failed: Only part of a ReadProcessMemory or WriteProcessMemory request was completed. (0x12B)
[0703/182432.553:ERROR:process_memory_win.cc(73)] ReadMemory at 0x1149e90 of 72 bytes failed: Only part of a ReadProcessMemory or WriteProcessMemory request was completed. (0x12B)
[0703/182432.553:ERROR:process_memory_win.cc(73)] ReadMemory at 0x1149f30 of 72 bytes failed: Only part of a ReadProcessMemory or WriteProcessMemory request was completed. (0x12B)
[0703/182432.553:ERROR:process_memory_win.cc(73)] ReadMemory at 0x1149fd0 of 72 bytes failed: Only part of a ReadProcessMemory or WriteProcessMemory request was completed. (0x12B)
[0703/182432.553:ERROR:process_memory_win.cc(73)] ReadMemory at 0x114a070 of 72 bytes failed: Only part of a ReadProcessMemory or WriteProcessMemory request was completed. (0x12B)
[0703/182432.565:ERROR:process_memory_win.cc(73)] ReadMemory at 0x114a110 of 72 bytes failed: Only part of a ReadProcessMemory or WriteProcessMemory request was completed. (0x12B)
[0703/182432.565:ERROR:process_memory_win.cc(73)] ReadMemory at 0x114a1b0 of 72 bytes failed: Only part of a ReadProcessMemory or WriteProcessMemory request was completed. (0x12B)
[0703/182432.603:ERROR:process_memory_win.cc(73)] ReadMemory at 0x114a250 of 72 bytes failed: Only part of a ReadProcessMemory or WriteProcessMemory request was completed. (0x12B)
[0703/182432.603:ERROR:process_memory_win.cc(73)] ReadMemory at 0x114a2f0 of 72 bytes failed: Only part of a ReadProcessMemory or WriteProcessMemory request was completed. (0x12B)
[0703/182432.604:ERROR:process_memory_win.cc(73)] ReadMemory at 0x114a390 of 72 bytes failed: Only part of a ReadProcessMemory or WriteProcessMemory request was completed. (0x12B)
[0703/182432.604:ERROR:process_memory_win.cc(73)] ReadMemory at 0x114a430 of 72 bytes failed: Only part of a ReadProcessMemory or WriteProcessMemory request was completed. (0x12B)
[0703/182432.604:ERROR:process_memory_win.cc(73)] ReadMemory at 0x114a7b0 of 64 bytes failed: Only part of a ReadProcessMemory or WriteProcessMemory request was completed. (0x12B)
[0703/182432.604:ERROR:process_memory_win.cc(73)] ReadMemory at 0x114a800 of 60 bytes failed: Only part of a ReadProcessMemory or WriteProcessMemory request was completed. (0x12B)
[0703/182432.604:ERROR:process_memory_win.cc(73)] ReadMemory at 0x114b570 of 60 bytes failed: Only part of a ReadProcessMemory or WriteProcessMemory request was completed. (0x12B)
[0703/182432.604:ERROR:process_memory_win.cc(73)] ReadMemory at 0x114b5b8 of 62 bytes failed: Only part of a ReadProcessMemory or WriteProcessMemory request was completed. (0x12B)
[0703/182432.654:ERROR:process_memory_win.cc(73)] ReadMemory at 0x114b600 of 62 bytes failed: Only part of a ReadProcessMemory or WriteProcessMemory request was completed. (0x12B)
[0703/182432.655:ERROR:process_memory_win.cc(73)] ReadMemory at 0x114b648 of 56 bytes failed: Only part of a ReadProcessMemory or WriteProcessMemory request was completed. (0x12B)
[0703/182432.655:ERROR:process_memory_win.cc(73)] ReadMemory at 0x114b690 of 62 bytes failed: Only part of a ReadProcessMemory or WriteProcessMemory request was completed. (0x12B)
[0703/182432.655:ERROR:process_memory_win.cc(73)] ReadMemory at 0x114b6d8 of 60 bytes failed: Only part of a ReadProcessMemory or WriteProcessMemory request was completed. (0x12B)
[0703/182432.655:ERROR:process_memory_win.cc(73)] ReadMemory at 0x114b720 of 58 bytes failed: Only part of a ReadProcessMemory or WriteProcessMemory request was completed. (0x12B)
[0703/182432.661:ERROR:process_memory_win.cc(73)] ReadMemory at 0x114b7f8 of 58 bytes failed: Only part of a ReadProcessMemory or WriteProcessMemory request was completed. (0x12B)
[0703/182432.661:ERROR:process_memory_win.cc(73)] ReadMemory at 0x114b840 of 60 bytes failed: Only part of a ReadProcessMemory or WriteProcessMemory request was completed. (0x12B)
[0703/182432.661:ERROR:process_memory_win.cc(73)] ReadMemory at 0x114b9f0 of 60 bytes failed: Only part of a ReadProcessMemory or WriteProcessMemory request was completed. (0x12B)
[0703/182432.661:ERROR:process_memory_win.cc(73)] ReadMemory at 0x114ba38 of 62 bytes failed: Only part of a ReadProcessMemory or WriteProcessMemory request was completed. (0x12B)
[0703/182432.661:ERROR:process_memory_win.cc(73)] ReadMemory at 0x114ba80 of 62 bytes failed: Only part of a ReadProcessMemory or WriteProcessMemory request was completed. (0x12B)
[0703/182432.662:ERROR:process_memory_win.cc(73)] ReadMemory at 0x114bac8 of 60 bytes failed: Only part of a ReadProcessMemory or WriteProcessMemory request was completed. (0x12B)
[0703/182432.662:ERROR:process_memory_win.cc(73)] ReadMemory at 0x114bb10 of 60 bytes failed: Only part of a ReadProcessMemory or WriteProcessMemory request was completed. (0x12B)
[0703/182432.662:ERROR:process_memory_win.cc(73)] ReadMemory at 0x114bb58 of 58 bytes failed: Only part of a ReadProcessMemory or WriteProcessMemory request was completed. (0x12B)
[0703/182432.662:ERROR:process_memory_win.cc(73)] ReadMemory at 0x114bba0 of 58 bytes failed: Only part of a ReadProcessMemory or WriteProcessMemory request was completed. (0x12B)
[0703/182432.662:ERROR:process_memory_win.cc(73)] ReadMemory at 0x114bbe8 of 60 bytes failed: Only part of a ReadProcessMemory or WriteProcessMemory request was completed. (0x12B)
[0703/182432.662:ERROR:process_memory_win.cc(73)] ReadMemory at 0x114bc30 of 62 bytes failed: Only part of a ReadProcessMemory or WriteProcessMemory request was completed. (0x12B)
[0703/182432.663:ERROR:process_memory_win.cc(73)] ReadMemory at 0x114e860 of 64 bytes failed: Only part of a ReadProcessMemory or WriteProcessMemory request was completed. (0x12B)
[0703/182432.663:ERROR:process_memory_win.cc(73)] ReadMemory at 0x114ea18 of 244 bytes failed: Only part of a ReadProcessMemory or WriteProcessMemory request was completed. (0x12B)
[0703/182432.663:ERROR:process_memory_win.cc(73)] ReadMemory at 0x114ebf0 of 64 bytes failed: Only part of a ReadProcessMemory or WriteProcessMemory request was completed. (0x12B)
[0703/182432.663:ERROR:process_memory_win.cc(73)] ReadMemory at 0x114ec40 of 80 bytes failed: Only part of a ReadProcessMemory or WriteProcessMemory request was completed. (0x12B)
[0703/182432.663:ERROR:process_memory_win.cc(73)] ReadMemory at 0x1150b10 of 72 bytes failed: Only part of a ReadProcessMemory or WriteProcessMemory request was completed. (0x12B)
[0703/182432.663:ERROR:process_memory_win.cc(73)] ReadMemory at 0x1150c50 of 72 bytes failed: Only part of a ReadProcessMemory or WriteProcessMemory request was completed. (0x12B)
[0703/182432.663:ERROR:process_memory_win.cc(73)] ReadMemory at 0x1150d90 of 72 bytes failed: Only part of a ReadProcessMemory or WriteProcessMemory request was completed. (0x12B)
[0703/182432.663:ERROR:process_memory_win.cc(73)] ReadMemory at 0x11510b0 of 72 bytes failed: Only part of a ReadProcessMemory or WriteProcessMemory request was completed. (0x12B)
[0703/182432.663:ERROR:process_memory_win.cc(73)] ReadMemory at 0x1151330 of 72 bytes failed: Only part of a ReadProcessMemory or WriteProcessMemory request was completed. (0x12B)
[0703/182432.663:ERROR:process_memory_win.cc(73)] ReadMemory at 0x11513d0 of 72 bytes failed: Only part of a ReadProcessMemory or WriteProcessMemory request was completed. (0x12B)
[0703/182432.663:ERROR:process_memory_win.cc(73)] ReadMemory at 0x1151470 of 72 bytes failed: Only part of a ReadProcessMemory or WriteProcessMemory request was completed. (0x12B)
[0703/182432.664:ERROR:process_memory_win.cc(73)] ReadMemory at 0x1151510 of 72 bytes failed: Only part of a ReadProcessMemory or WriteProcessMemory request was completed. (0x12B)
[0703/182432.664:ERROR:process_memory_win.cc(73)] ReadMemory at 0x1151790 of 72 bytes failed: Only part of a ReadProcessMemory or WriteProcessMemory request was completed. (0x12B)
[0703/182432.674:ERROR:process_memory_win.cc(73)] ReadMemory at 0x1151830 of 72 bytes failed: Only part of a ReadProcessMemory or WriteProcessMemory request was completed. (0x12B)
[0703/182432.674:ERROR:process_memory_win.cc(73)] ReadMemory at 0x1151a10 of 72 bytes failed: Only part of a ReadProcessMemory or WriteProcessMemory request was completed. (0x12B)
[0703/182432.674:ERROR:process_memory_win.cc(73)] ReadMemory at 0x1151d30 of 72 bytes failed: Only part of a ReadProcessMemory or WriteProcessMemory request was completed. (0x12B)
[0703/182432.674:ERROR:process_memory_win.cc(73)] ReadMemory at 0x1152a18 of 54 bytes failed: Only part of a ReadProcessMemory or WriteProcessMemory request was completed. (0x12B)
[0703/182432.674:ERROR:process_memory_win.cc(73)] ReadMemory at 0x1152a78 of 64 bytes failed: Only part of a ReadProcessMemory or WriteProcessMemory request was completed. (0x12B)
[0703/182432.674:ERROR:process_memory_win.cc(73)] ReadMemory at 0x11538a8 of 66 bytes failed: Only part of a ReadProcessMemory or WriteProcessMemory request was completed. (0x12B)
[0703/182432.674:ERROR:process_memory_win.cc(73)] ReadMemory at 0x1158880 of 512 bytes failed: Only part of a ReadProcessMemory or WriteProcessMemory request was completed. (0x12B)
[0703/182432.674:ERROR:process_memory_win.cc(73)] ReadMemory at 0x165b580 of 512 bytes failed: Only part of a ReadProcessMemory or WriteProcessMemory request was completed. (0x12B)
[0703/182432.675:ERROR:process_memory_win.cc(73)] ReadMemory at 0x167ff80 of 512 bytes failed: Only part of a ReadProcessMemory or WriteProcessMemory request was completed. (0x12B)
[0703/182432.675:ERROR:process_memory_win.cc(73)] ReadMemory at 0x3230720 of 512 bytes failed: Only part of a ReadProcessMemory or WriteProcessMemory request was completed. (0x12B)
[0703/182432.675:ERROR:process_memory_win.cc(73)] ReadMemory at 0x32456d8 of 612 bytes failed: Only part of a ReadProcessMemory or WriteProcessMemory request was completed. (0x12B)
[0703/182432.675:ERROR:process_memory_win.cc(73)] ReadMemory at 0x32d44d0 of 512 bytes failed: Only part of a ReadProcessMemory or WriteProcessMemory request was completed. (0x12B)
[0703/182432.675:ERROR:process_memory_win.cc(73)] ReadMemory at 0x3ab4c20 of 512 bytes failed: Only part of a ReadProcessMemory or WriteProcessMemory request was completed. (0x12B)
[0703/182432.675:ERROR:process_memory_win.cc(73)] ReadMemory at 0x25986628 of 548 bytes failed: Only part of a ReadProcessMemory or WriteProcessMemory request was completed. (0x12B)
[0703/182432.675:ERROR:process_memory_win.cc(73)] ReadMemory at 0x28595afd of 512 bytes failed: Only part of a ReadProcessMemory or WriteProcessMemory request was completed. (0x12B)
[0703/182432.675:ERROR:process_memory_win.cc(73)] ReadMemory at 0x2a0657d8 of 512 bytes failed: Only part of a ReadProcessMemory or WriteProcessMemory request was completed. (0x12B)
[0703/182432.675:ERROR:process_memory_win.cc(73)] ReadMemory at 0x2a872bef of 512 bytes failed: Only part of a ReadProcessMemory or WriteProcessMemory request was completed. (0x12B)
[0703/182432.675:ERROR:process_memory_win.cc(73)] ReadMemory at 0x2fe49e44 of 513 bytes failed: Only part of a ReadProcessMemory or WriteProcessMemory request was completed. (0x12B)
[0703/182432.676:ERROR:process_memory_win.cc(73)] ReadMemory at 0x31095160 of 512 bytes failed: Only part of a ReadProcessMemory or WriteProcessMemory request was completed. (0x12B)
[0703/182432.676:ERROR:process_memory_win.cc(73)] ReadMemory at 0x31fc6ce8 of 512 bytes failed: Only part of a ReadProcessMemory or WriteProcessMemory request was completed. (0x12B)
[0703/182432.711:ERROR:process_memory_win.cc(73)] ReadMemory at 0x32b0d148 of 513 bytes failed: Only part of a ReadProcessMemory or WriteProcessMemory request was completed. (0x12B)
[0703/182432.711:ERROR:process_memory_win.cc(73)] ReadMemory at 0x330f9ae8 of 512 bytes failed: Only part of a ReadProcessMemory or WriteProcessMemory request was completed. (0x12B)
[0703/182432.711:ERROR:process_memory_win.cc(73)] ReadMemory at 0x331d8c94 of 513 bytes failed: Only part of a ReadProcessMemory or WriteProcessMemory request was completed. (0x12B)
[0703/182432.711:ERROR:process_memory_win.cc(73)] ReadMemory at 0x5175dd0b of 512 bytes failed: Only part of a ReadProcessMemory or WriteProcessMemory request was completed. (0x12B)
[0703/182432.711:ERROR:process_memory_win.cc(73)] ReadMemory at 0x517614b9 of 521 bytes failed: Only part of a ReadProcessMemory or WriteProcessMemory request was completed. (0x12B)
[0703/182432.712:ERROR:process_memory_win.cc(73)] ReadMemory at 0x5cf3145e of 512 bytes failed: Only part of a ReadProcessMemory or WriteProcessMemory request was completed. (0x12B)
[0703/182432.712:ERROR:process_memory_win.cc(73)] ReadMemory at 0x5cf31b77 of 512 bytes failed: Only part of a ReadProcessMemory or WriteProcessMemory request was completed. (0x12B)
[0703/182432.712:ERROR:process_memory_win.cc(73)] ReadMemory at 0x778d70c4 of 512 bytes failed: Only part of a ReadProcessMemory or WriteProcessMemory request was completed. (0x12B)
[0703/182432.712:ERROR:process_memory_win.cc(73)] ReadMemory at 0x778fb3d5 of 512 bytes failed: Only part of a ReadProcessMemory or WriteProcessMemory request was completed. (0x12B)
[0703/182432.712:ERROR:process_memory_win.cc(73)] ReadMemory at 0x77907568 of 18 bytes failed: Only part of a ReadProcessMemory or WriteProcessMemory request was completed. (0x12B)
[0703/182432.712:ERROR:process_memory_win.cc(73)] ReadMemory at 0x779bd340 of 36 bytes failed: Only part of a ReadProcessMemory or WriteProcessMemory request was completed. (0x12B)
[0703/182432.712:ERROR:process_memory_win.cc(73)] ReadMemory at 0x779bd3e8 of 24 bytes failed: Only part of a ReadProcessMemory or WriteProcessMemory request was completed. (0x12B)
[0703/182432.712:ERROR:process_memory_win.cc(73)] ReadMemory at 0x779bdda4 of 32 bytes failed: Only part of a ReadProcessMemory or WriteProcessMemory request was completed. (0x12B)
[0703/182432.712:ERROR:process_memory_win.cc(73)] ReadMemory at 0x7f55e000 of 3992 bytes failed: Only part of a ReadProcessMemory or WriteProcessMemory request was completed. (0x12B)
[0703/182432.712:ERROR:process_memory_win.cc(73)] ReadMemory at 0x7f55f000 of 3992 bytes failed: Only part of a ReadProcessMemory or WriteProcessMemory request was completed. (0x12B)
[0703/182432.713:ERROR:process_memory_win.cc(73)] ReadMemory at 0x7f683000 of 3992 bytes failed: Only part of a ReadProcessMemory or WriteProcessMemory request was completed. (0x12B)
[0703/182432.813:ERROR:process_memory_win.cc(73)] ReadMemory at 0x7f684000 of 3992 bytes failed: Only part of a ReadProcessMemory or WriteProcessMemory request was completed. (0x12B)
[0703/182432.813:ERROR:process_memory_win.cc(73)] ReadMemory at 0x7f685000 of 3992 bytes failed: Only part of a ReadProcessMemory or WriteProcessMemory request was completed. (0x12B)
[0703/182432.813:ERROR:process_memory_win.cc(73)] ReadMemory at 0x7f686000 of 3992 bytes failed: Only part of a ReadProcessMemory or WriteProcessMemory request was completed. (0x12B)
[0703/182432.859:ERROR:process_memory_win.cc(73)] ReadMemory at 0x7f687000 of 3992 bytes failed: Only part of a ReadProcessMemory or WriteProcessMemory request was completed. (0x12B)
[0703/182432.860:ERROR:process_memory_win.cc(73)] ReadMemory at 0x7f688000 of 3992 bytes failed: Only part of a ReadProcessMemory or WriteProcessMemory request was completed. (0x12B)
[0703/182432.860:ERROR:process_memory_win.cc(73)] ReadMemory at 0x7f689000 of 3992 bytes failed: Only part of a ReadProcessMemory or WriteProcessMemory request was completed. (0x12B)
[0703/182432.860:ERROR:process_memory_win.cc(73)] ReadMemory at 0x7f68a000 of 3992 bytes failed: Only part of a ReadProcessMemory or WriteProcessMemory request was completed. (0x12B)
[0703/182432.860:ERROR:process_memory_win.cc(73)] ReadMemory at 0x7f68b000 of 3992 bytes failed: Only part of a ReadProcessMemory or WriteProcessMemory request was completed. (0x12B)
[0703/182432.860:ERROR:process_memory_win.cc(73)] ReadMemory at 0x7f68c000 of 3992 bytes failed: Only part of a ReadProcessMemory or WriteProcessMemory request was completed. (0x12B)
[0703/182432.860:ERROR:process_memory_win.cc(73)] ReadMemory at 0x7f68d000 of 3992 bytes failed: Only part of a ReadProcessMemory or WriteProcessMemory request was completed. (0x12B)
[0703/182432.860:ERROR:process_memory_win.cc(73)] ReadMemory at 0x7f68e000 of 560 bytes failed: Only part of a ReadProcessMemory or WriteProcessMemory request was completed. (0x12B)
[0703/182432.860:ERROR:process_memory_win.cc(73)] ReadMemory at 0x7f68f000 of 3992 bytes failed: Only part of a ReadProcessMemory or WriteProcessMemory request was completed. (0x12B)
[0703/182433.258:ERROR:scoped_process_suspend.cc(40)] NtResumeProcess: An attempt was made to access an exiting process. (0xc000010a)
